Assembler report for uart_led_btn
Sun Jan 25 19:47:08 2026
Quartus Prime Version 25.1std.0 Build 1129 10/21/2025 SC Standard Edition


---------------------
; Table of Contents ;
---------------------
  1. Legal Notice
  2. Assembler Summary
  3. Assembler Settings
  4. Assembler Generated Files
  5. CRC Error Settings 
  6. Assembler Device Options: C:/Users/MonkPC/workspaces/FPGA/Altera/CycloneIV/DE0-NANO/terasic-de0-nano-lushay-labs/ex2/uart_led_btn/quartus/output_files/uart_led_btn.sof
  7. Assembler Device Options: C:/Users/MonkPC/workspaces/FPGA/Altera/CycloneIV/DE0-NANO/terasic-de0-nano-lushay-labs/ex2/uart_led_btn/quartus/output_files/uart_led_btn.jam
  8. Assembler Device Options: C:/Users/MonkPC/workspaces/FPGA/Altera/CycloneIV/DE0-NANO/terasic-de0-nano-lushay-labs/ex2/uart_led_btn/quartus/output_files/uart_led_btn.rbf
  9. Assembler Messages



----------------
; Legal Notice ;
----------------
Copyright (C) 2025  Altera Corporation. All rights reserved.
Your use of Altera Corporation's design tools, logic functions 
and other software and tools, and any partner logic 
functions, and any output files from any of the foregoing 
(including device programming or simulation files), and any 
associated documentation or information are expressly subject 
to the terms and conditions of the Altera Program License 
Subscription Agreement, the Altera Quartus Prime License Agreement,
the Altera IP License Agreement, or other applicable license
agreement, including, without limitation, that your use is for
the sole purpose of programming logic devices manufactured by
Altera and sold by Altera or its authorized distributors.  Please
refer to the Altera Software License Subscription Agreements 
on the Quartus Prime software download page.



+---------------------------------------------------------------+
; Assembler Summary                                             ;
+-----------------------+---------------------------------------+
; Assembler Status      ; Successful - Sun Jan 25 19:47:08 2026 ;
; Revision Name         ; uart_led_btn                          ;
; Top-level Entity Name ; design_top                            ;
; Family                ; Cyclone IV E                          ;
; Device                ; EP4CE22F17C6                          ;
+-----------------------+---------------------------------------+


+----------------------------------+
; Assembler Settings               ;
+--------+---------+---------------+
; Option ; Setting ; Default Value ;
+--------+---------+---------------+


+-----------------------------------------------------------------------------------------------------------------------------------------------+
; Assembler Generated Files                                                                                                                     ;
+-----------------------------------------------------------------------------------------------------------------------------------------------+
; File Name                                                                                                                                     ;
+-----------------------------------------------------------------------------------------------------------------------------------------------+
; C:/Users/MonkPC/workspaces/FPGA/Altera/CycloneIV/DE0-NANO/terasic-de0-nano-lushay-labs/ex2/uart_led_btn/quartus/output_files/uart_led_btn.sof ;
; C:/Users/MonkPC/workspaces/FPGA/Altera/CycloneIV/DE0-NANO/terasic-de0-nano-lushay-labs/ex2/uart_led_btn/quartus/output_files/uart_led_btn.jam ;
; C:/Users/MonkPC/workspaces/FPGA/Altera/CycloneIV/DE0-NANO/terasic-de0-nano-lushay-labs/ex2/uart_led_btn/quartus/output_files/uart_led_btn.rbf ;
+-----------------------------------------------------------------------------------------------------------------------------------------------+


+-----------------------------+
; CRC Error Settings          ;
+----------------+------------+
; Option         ; Setting    ;
+----------------+------------+
; CRAM CRC       ; 0x8AD6B86A ;
; CRC clock rate ; 100.0 MHz  ;
+----------------+------------+


+-------------------------------------------------------------------------------------------------------------------------------------------------------------------------+
; Assembler Device Options: C:/Users/MonkPC/workspaces/FPGA/Altera/CycloneIV/DE0-NANO/terasic-de0-nano-lushay-labs/ex2/uart_led_btn/quartus/output_files/uart_led_btn.sof ;
+----------------+--------------------------------------------------------------------------------------------------------------------------------------------------------+
; Option         ; Setting                                                                                                                                                ;
+----------------+--------------------------------------------------------------------------------------------------------------------------------------------------------+
; JTAG usercode  ; 0x0015252D                                                                                                                                             ;
; Checksum       ; 0x0015252D                                                                                                                                             ;
+----------------+--------------------------------------------------------------------------------------------------------------------------------------------------------+


+-------------------------------------------------------------------------------------------------------------------------------------------------------------------------+
; Assembler Device Options: C:/Users/MonkPC/workspaces/FPGA/Altera/CycloneIV/DE0-NANO/terasic-de0-nano-lushay-labs/ex2/uart_led_btn/quartus/output_files/uart_led_btn.jam ;
+-------------------------+-----------------------------------------------------------------------------------------------------------------------------------------------+
; Option                  ; Setting                                                                                                                                       ;
+-------------------------+-----------------------------------------------------------------------------------------------------------------------------------------------+
; JEDEC STAPL ASCII file  ;                                                                                                                                               ;
+-------------------------+-----------------------------------------------------------------------------------------------------------------------------------------------+


+-------------------------------------------------------------------------------------------------------------------------------------------------------------------------+
; Assembler Device Options: C:/Users/MonkPC/workspaces/FPGA/Altera/CycloneIV/DE0-NANO/terasic-de0-nano-lushay-labs/ex2/uart_led_btn/quartus/output_files/uart_led_btn.rbf ;
+---------------------+---------------------------------------------------------------------------------------------------------------------------------------------------+
; Option              ; Setting                                                                                                                                           ;
+---------------------+---------------------------------------------------------------------------------------------------------------------------------------------------+
; Raw Binary File     ;                                                                                                                                                   ;
;  Compression Ratio  ; 3                                                                                                                                                 ;
+---------------------+---------------------------------------------------------------------------------------------------------------------------------------------------+


+--------------------+
; Assembler Messages ;
+--------------------+
Info: *******************************************************************
Info: Running Quartus Prime Assembler
    Info: Version 25.1std.0 Build 1129 10/21/2025 SC Standard Edition
    Info: Processing started: Sun Jan 25 19:47:07 2026
Info: Command: quartus_asm --read_settings_files=off --write_settings_files=off uart_led_btn -c uart_led_btn
Info (115031): Writing out detailed assembly data for power analysis
Info (115030): Assembler is generating device programming files
Info (210117): Created JAM or JBC file for the specified chain: 
Device 1 (EP4CE22F17; C:/Users/MonkPC/workspaces/FPGA/Altera/CycloneIV/DE0-NANO/terasic-de0-nano-lushay-labs/ex2/uart_led_btn/quartus/output_files/uart_led_btn.sof)
Info: Quartus Prime Assembler was successful. 0 errors, 0 warnings
    Info: Peak virtual memory: 4718 megabytes
    Info: Processing ended: Sun Jan 25 19:47:08 2026
    Info: Elapsed time: 00:00:01
    Info: Total CPU time (on all processors): 00:00:00


